<?xml version="1.0" encoding="UTF-8"?>
<!-- Generated by org.testng.reporters.JUnitXMLReporter -->
<testsuite hostname="LAPTOP-LOG2SSBM" ignored="0" name="Test" tests="9" failures="6" timestamp="2020-07-09T18:05:48 IST" time="46.812" errors="0">
  <testcase name="actioui" time="15.511" classname="omg.July.ThirdTest"/>
  <testcase name="fan" time="13.958" classname="omg.July.ThirdTest">
    <failure type="junit.framework.AssertionFailedError" message="expected:&amp;lt;shrutii&amp;gt; but was:&amp;lt;[[ChromeDriver: chrome on WINDOWS (87a5699142d2604f521897e7c02250fa)] -&amp;gt; id: name]&amp;gt;">
      <![CDATA[junit.framework.AssertionFailedError: expected:<shrutii> but was:<[[ChromeDriver: chrome on WINDOWS (87a5699142d2604f521897e7c02250fa)] -> id: name]>
at junit.framework.Assert.fail(Assert.java:47)
at junit.framework.Assert.failNotEquals(Assert.java:282)
at junit.framework.Assert.assertEquals(Assert.java:64)
at junit.framework.Assert.assertEquals(Assert.java:71)
at omg.July.ThirdTest.fan(ThirdTest.java:72)
at java.util.concurrent.ThreadPoolExecutor.runWorker(ThreadPoolExecutor.java:1149)
at java.util.concurrent.ThreadPoolExecutor$Worker.run(ThreadPoolExecutor.java:624)
at java.lang.Thread.run(Thread.java:748)
... Removed 12 stack frames]]>
    </failure>
  </testcase> <!-- fan -->
  <testcase name="fan" time="13.999" classname="omg.July.ThirdTest">
    <failure type="java.lang.NullPointerException">
      <![CDATA[java.lang.NullPointerException
at omg.July.base.getScreenshotpath(base.java:46)
at omg.July.Listeners.onTestFailure(Listeners.java:35)
at java.util.concurrent.ThreadPoolExecutor.runWorker(ThreadPoolExecutor.java:1149)
at java.util.concurrent.ThreadPoolExecutor$Worker.run(ThreadPoolExecutor.java:624)
at java.lang.Thread.run(Thread.java:748)
... Removed 9 stack frames]]>
    </failure>
  </testcase> <!-- fan -->
  <testcase name="dropdown" time="32.178" classname="omg.July.Fourthtest"/>
  <testcase name="showw" time="0.005" classname="omg.July.Fourthtest"/>
  <testcase name="dateSelection" time="14.69" classname="omg.July.FirstTest">
    <failure type="org.openqa.selenium.SessionNotCreatedException" message="session not created
from chrome not reachable
  (Session info: chrome=83.0.4103.116)
Build info: version: &amp;apos;3.141.59&amp;apos;, revision: &amp;apos;e82be7d358&amp;apos;, time: &amp;apos;2018-11-14T08:17:03&amp;apos;
System info: host: &amp;apos;LAPTOP-LOG2SSBM&amp;apos;, ip: &amp;apos;192.168.1.106&amp;apos;, os.name: &amp;apos;Windows 10&amp;apos;, os.arch: &amp;apos;amd64&amp;apos;, os.version: &amp;apos;10.0&amp;apos;, java.version: &amp;apos;1.8.0_231&amp;apos;
Driver info: driver.version: ChromeDriver
remote stacktrace: Backtrace:
	Ordinal0 [0x00D09563+2725219]
	Ordinal0 [0x00C08551+1672529]
	Ordinal0 [0x00AF0202+524802]
	Ordinal0 [0x00AE99B2+498098]
	Ordinal0 [0x00AEA09B+499867]
	Ordinal0 [0x00AEAFF5+503797]
	Ordinal0 [0x00AE6994+485780]
	Ordinal0 [0x00AF0FF0+528368]
	Ordinal0 [0x00A9D6C9+186057]
	Ordinal0 [0x00A9CA3D+182845]
	Ordinal0 [0x00A9A94B+174411]
	Ordinal0 [0x00A82528+75048]
	Ordinal0 [0x00A835A0+79264]
	Ordinal0 [0x00A83539+79161]
	Ordinal0 [0x00C1D607+1758727]
	GetHandleVerifier [0x00E26546+1050150]
	GetHandleVerifier [0x00E26291+1049457]
	GetHandleVerifier [0x00E310D7+1094071]
	GetHandleVerifier [0x00E26B46+1051686]
	Ordinal0 [0x00C15B06+1727238]
	Ordinal0 [0x00C1EB7B+1764219]
	Ordinal0 [0x00C1ECE3+1764579]
	Ordinal0 [0x00C34C05+1854469]
	BaseThreadInitThunk [0x77156359+25]
	RtlGetAppContainerNamedObjectPath [0x77607C24+228]
	RtlGetAppContainerNamedObjectPath [0x77607BF4+180]
">
      <![CDATA[org.openqa.selenium.SessionNotCreatedException: session not created
from chrome not reachable
  (Session info: chrome=83.0.4103.116)
Build info: version: '3.141.59', revision: 'e82be7d358', time: '2018-11-14T08:17:03'
System info: host: 'LAPTOP-LOG2SSBM', ip: '192.168.1.106', os.name: 'Windows 10', os.arch: 'amd64', os.version: '10.0', java.version: '1.8.0_231'
Driver info: driver.version: ChromeDriver
remote stacktrace: Backtrace:
Ordinal0 [0x00D09563+2725219]
Ordinal0 [0x00C08551+1672529]
Ordinal0 [0x00AF0202+524802]
Ordinal0 [0x00AE99B2+498098]
Ordinal0 [0x00AEA09B+499867]
Ordinal0 [0x00AEAFF5+503797]
Ordinal0 [0x00AE6994+485780]
Ordinal0 [0x00AF0FF0+528368]
Ordinal0 [0x00A9D6C9+186057]
Ordinal0 [0x00A9CA3D+182845]
Ordinal0 [0x00A9A94B+174411]
Ordinal0 [0x00A82528+75048]
Ordinal0 [0x00A835A0+79264]
Ordinal0 [0x00A83539+79161]
Ordinal0 [0x00C1D607+1758727]
GetHandleVerifier [0x00E26546+1050150]
GetHandleVerifier [0x00E26291+1049457]
GetHandleVerifier [0x00E310D7+1094071]
GetHandleVerifier [0x00E26B46+1051686]
Ordinal0 [0x00C15B06+1727238]
Ordinal0 [0x00C1EB7B+1764219]
Ordinal0 [0x00C1ECE3+1764579]
Ordinal0 [0x00C34C05+1854469]
BaseThreadInitThunk [0x77156359+25]
RtlGetAppContainerNamedObjectPath [0x77607C24+228]
RtlGetAppContainerNamedObjectPath [0x77607BF4+180]

at org.openqa.selenium.remote.W3CHandshakeResponse.lambda$errorHandler$0(W3CHandshakeResponse.java:62)
at org.openqa.selenium.remote.HandshakeResponse.lambda$getResponseFunction$0(HandshakeResponse.java:30)
at org.openqa.selenium.remote.ProtocolHandshake.lambda$createSession$0(ProtocolHandshake.java:126)
at java.util.stream.ReferencePipeline$3$1.accept(ReferencePipeline.java:193)
at java.util.Spliterators$ArraySpliterator.tryAdvance(Spliterators.java:958)
at java.util.stream.ReferencePipeline.forEachWithCancel(ReferencePipeline.java:126)
at java.util.stream.AbstractPipeline.copyIntoWithCancel(AbstractPipeline.java:499)
at java.util.stream.AbstractPipeline.copyInto(AbstractPipeline.java:486)
at java.util.stream.AbstractPipeline.wrapAndCopyInto(AbstractPipeline.java:472)
at java.util.stream.FindOps$FindOp.evaluateSequential(FindOps.java:152)
at java.util.stream.AbstractPipeline.evaluate(AbstractPipeline.java:234)
at java.util.stream.ReferencePipeline.findFirst(ReferencePipeline.java:464)
at org.openqa.selenium.remote.ProtocolHandshake.createSession(ProtocolHandshake.java:128)
at org.openqa.selenium.remote.ProtocolHandshake.createSession(ProtocolHandshake.java:74)
at org.openqa.selenium.remote.HttpCommandExecutor.execute(HttpCommandExecutor.java:136)
at org.openqa.selenium.remote.service.DriverCommandExecutor.execute(DriverCommandExecutor.java:83)
at org.openqa.selenium.remote.RemoteWebDriver.execute(RemoteWebDriver.java:552)
at org.openqa.selenium.remote.RemoteWebDriver.startSession(RemoteWebDriver.java:213)
at org.openqa.selenium.remote.RemoteWebDriver.<init>(RemoteWebDriver.java:131)
at org.openqa.selenium.chrome.ChromeDriver.<init>(ChromeDriver.java:181)
at org.openqa.selenium.chrome.ChromeDriver.<init>(ChromeDriver.java:168)
at org.openqa.selenium.chrome.ChromeDriver.<init>(ChromeDriver.java:123)
at omg.July.base.startDriver(base.java:29)
at omg.July.FirstTest.dateSelection(FirstTest.java:15)
at java.util.concurrent.ThreadPoolExecutor.runWorker(ThreadPoolExecutor.java:1149)
at java.util.concurrent.ThreadPoolExecutor$Worker.run(ThreadPoolExecutor.java:624)
at java.lang.Thread.run(Thread.java:748)
... Removed 16 stack frames]]>
    </failure>
  </testcase> <!-- dateSelection -->
  <testcase name="dateSelection" time="14.695" classname="omg.July.FirstTest">
    <failure type="java.lang.NullPointerException">
      <![CDATA[java.lang.NullPointerException
at omg.July.base.getScreenshotpath(base.java:46)
at omg.July.Listeners.onTestFailure(Listeners.java:35)
at java.util.concurrent.ThreadPoolExecutor.runWorker(ThreadPoolExecutor.java:1149)
at java.util.concurrent.ThreadPoolExecutor$Worker.run(ThreadPoolExecutor.java:624)
at java.lang.Thread.run(Thread.java:748)
... Removed 9 stack frames]]>
    </failure>
  </testcase> <!-- dateSelection -->
  <testcase name="nolink" time="46.75" classname="omg.July.SecondTest">
    <failure type="org.openqa.selenium.WebDriverException" message="chrome not reachable
  (Session info: chrome=83.0.4103.116)
Build info: version: &amp;apos;3.141.59&amp;apos;, revision: &amp;apos;e82be7d358&amp;apos;, time: &amp;apos;2018-11-14T08:17:03&amp;apos;
System info: host: &amp;apos;LAPTOP-LOG2SSBM&amp;apos;, ip: &amp;apos;192.168.1.106&amp;apos;, os.name: &amp;apos;Windows 10&amp;apos;, os.arch: &amp;apos;amd64&amp;apos;, os.version: &amp;apos;10.0&amp;apos;, java.version: &amp;apos;1.8.0_231&amp;apos;
Driver info: org.openqa.selenium.chrome.ChromeDriver
Capabilities {acceptInsecureCerts: false, browserName: chrome, browserVersion: 83.0.4103.116, chrome: {chromedriverVersion: 83.0.4103.39 (ccbf011cb2d2b..., userDataDir: C:\Users\SACHIN\AppData\Loc...}, goog:chromeOptions: {debuggerAddress: localhost:52325}, javascriptEnabled: true, networkConnectionEnabled: false, pageLoadStrategy: normal, platform: WINDOWS, platformName: WINDOWS, proxy: Proxy(), setWindowRect: true, strictFileInteractability: false, timeouts: {implicit: 0, pageLoad: 300000, script: 30000}, unhandledPromptBehavior: dismiss and notify, webauthn:virtualAuthenticators: true}
Session ID: 35a800aa457531b455e8029a4d2bb442">
      <![CDATA[org.openqa.selenium.WebDriverException: chrome not reachable
  (Session info: chrome=83.0.4103.116)
Build info: version: '3.141.59', revision: 'e82be7d358', time: '2018-11-14T08:17:03'
System info: host: 'LAPTOP-LOG2SSBM', ip: '192.168.1.106', os.name: 'Windows 10', os.arch: 'amd64', os.version: '10.0', java.version: '1.8.0_231'
Driver info: org.openqa.selenium.chrome.ChromeDriver
Capabilities {acceptInsecureCerts: false, browserName: chrome, browserVersion: 83.0.4103.116, chrome: {chromedriverVersion: 83.0.4103.39 (ccbf011cb2d2b..., userDataDir: C:\Users\SACHIN\AppData\Loc...}, goog:chromeOptions: {debuggerAddress: localhost:52325}, javascriptEnabled: true, networkConnectionEnabled: false, pageLoadStrategy: normal, platform: WINDOWS, platformName: WINDOWS, proxy: Proxy(), setWindowRect: true, strictFileInteractability: false, timeouts: {implicit: 0, pageLoad: 300000, script: 30000}, unhandledPromptBehavior: dismiss and notify, webauthn:virtualAuthenticators: true}
Session ID: 35a800aa457531b455e8029a4d2bb442
at org.openqa.selenium.remote.http.W3CHttpResponseCodec.createException(W3CHttpResponseCodec.java:187)
at org.openqa.selenium.remote.http.W3CHttpResponseCodec.decode(W3CHttpResponseCodec.java:122)
at org.openqa.selenium.remote.http.W3CHttpResponseCodec.decode(W3CHttpResponseCodec.java:49)
at org.openqa.selenium.remote.HttpCommandExecutor.execute(HttpCommandExecutor.java:158)
at org.openqa.selenium.remote.service.DriverCommandExecutor.execute(DriverCommandExecutor.java:83)
at org.openqa.selenium.remote.RemoteWebDriver.execute(RemoteWebDriver.java:552)
at org.openqa.selenium.remote.RemoteWebDriver.execute(RemoteWebDriver.java:609)
at org.openqa.selenium.remote.RemoteWebDriver.getTitle(RemoteWebDriver.java:281)
at omg.July.SecondTest.nolink(SecondTest.java:38)
at java.util.concurrent.ThreadPoolExecutor.runWorker(ThreadPoolExecutor.java:1149)
at java.util.concurrent.ThreadPoolExecutor$Worker.run(ThreadPoolExecutor.java:624)
at java.lang.Thread.run(Thread.java:748)
... Removed 16 stack frames]]>
    </failure>
  </testcase> <!-- nolink -->
  <testcase name="nolink" time="46.773" classname="omg.July.SecondTest">
    <failure type="java.lang.NullPointerException">
      <![CDATA[java.lang.NullPointerException
at omg.July.base.getScreenshotpath(base.java:46)
at omg.July.Listeners.onTestFailure(Listeners.java:35)
at java.util.concurrent.ThreadPoolExecutor.runWorker(ThreadPoolExecutor.java:1149)
at java.util.concurrent.ThreadPoolExecutor$Worker.run(ThreadPoolExecutor.java:624)
at java.lang.Thread.run(Thread.java:748)
... Removed 9 stack frames]]>
    </failure>
  </testcase> <!-- nolink -->
</testsuite> <!-- Test -->
