<?xml version="1.0" encoding="UTF-8"?>
<!-- Generated by org.testng.reporters.JUnitXMLReporter -->
<testsuite hostname="LAPTOP-LOG2SSBM" ignored="0" name="Test" tests="7" failures="2" timestamp="2020-07-10T14:52:00 IST" time="55.8" errors="0">
  <testcase name="actioui" time="19.716" classname="omg.July.ThirdTest"/>
  <testcase name="dropdown" time="29.024" classname="omg.July.Fourthtest"/>
  <testcase name="showw" time="0.001" classname="omg.July.Fourthtest"/>
  <testcase name="fan" time="11.214" classname="omg.July.ThirdTest">
    <failure type="junit.framework.AssertionFailedError" message="expected:&amp;lt;shrutii&amp;gt; but was:&amp;lt;[[ChromeDriver: chrome on WINDOWS (b1848e3d382bf2c68c90d3de22279e22)] -&amp;gt; id: name]&amp;gt;">
      <![CDATA[junit.framework.AssertionFailedError: expected:<shrutii> but was:<[[ChromeDriver: chrome on WINDOWS (b1848e3d382bf2c68c90d3de22279e22)] -> id: name]>
at junit.framework.Assert.fail(Assert.java:47)
at junit.framework.Assert.failNotEquals(Assert.java:282)
at junit.framework.Assert.assertEquals(Assert.java:64)
at junit.framework.Assert.assertEquals(Assert.java:71)
at omg.July.ThirdTest.fan(ThirdTest.java:74)
at java.util.concurrent.ThreadPoolExecutor.runWorker(ThreadPoolExecutor.java:1149)
at java.util.concurrent.ThreadPoolExecutor$Worker.run(ThreadPoolExecutor.java:624)
at java.lang.Thread.run(Thread.java:748)
... Removed 12 stack frames]]>
    </failure>
  </testcase> <!-- fan -->
  <testcase name="fan" time="11.218" classname="omg.July.ThirdTest">
    <failure type="java.lang.NullPointerException">
      <![CDATA[java.lang.NullPointerException
at omg.July.base.getScreenshotpath(base.java:46)
at omg.July.Listeners.onTestFailure(Listeners.java:35)
at java.util.concurrent.ThreadPoolExecutor.runWorker(ThreadPoolExecutor.java:1149)
at java.util.concurrent.ThreadPoolExecutor$Worker.run(ThreadPoolExecutor.java:624)
at java.lang.Thread.run(Thread.java:748)
... Removed 9 stack frames]]>
    </failure>
  </testcase> <!-- fan -->
  <testcase name="nolink" time="39.559" classname="omg.July.SecondTest"/>
  <testcase name="dateSelection" time="26.682" classname="omg.July.FirstTest"/>
</testsuite> <!-- Test -->
